<?xml version="1.0" encoding="UTF-8"?>
<coverage generated="1663535121093" clover="3.2.0">
  <project timestamp="1663535121093" name="All files">
    <metrics statements="22" coveredstatements="22" conditionals="0" coveredconditionals="0" methods="8" coveredmethods="8" elements="30" coveredelements="30" complexity="0" loc="22" ncloc="22" packages="1" files="3" classes="3"/>
    <file name="api_cotacao.js" path="C:\ANANIAS\DEV-PLENO\SEMANA-2\PROJETO\CONVERT-MY-MONEY\lib\api_cotacao.js">
      <metrics statements="15" coveredstatements="15" conditionals="0" coveredconditionals="0" methods="5" coveredmethods="5"/>
      <line num="1" count="1" type="stmt"/>
      <line num="2" count="1" type="stmt"/>
      <line num="4" count="1" type="stmt"/>
      <line num="5" count="1" type="stmt"/>
      <line num="6" count="1" type="stmt"/>
      <line num="9" count="1" type="stmt"/>
      <line num="10" count="3" type="stmt"/>
      <line num="11" count="2" type="stmt"/>
      <line num="12" count="2" type="stmt"/>
      <line num="13" count="2" type="stmt"/>
      <line num="14" count="2" type="stmt"/>
      <line num="16" count="1" type="stmt"/>
      <line num="18" count="1" type="stmt"/>
      <line num="20" count="1" type="stmt"/>
      <line num="24" count="1" type="stmt"/>
    </file>
    <file name="convert.js" path="C:\ANANIAS\DEV-PLENO\SEMANA-2\PROJETO\CONVERT-MY-MONEY\lib\convert.js">
      <metrics statements="5" coveredstatements="5" conditionals="0" coveredconditionals="0" methods="2" coveredmethods="2"/>
      <line num="1" count="1" type="stmt"/>
      <line num="2" count="2" type="stmt"/>
      <line num="5" count="1" type="stmt"/>
      <line num="6" count="1" type="stmt"/>
      <line num="9" count="1" type="stmt"/>
    </file>
    <file name="getCoin.js" path="C:\ANANIAS\DEV-PLENO\SEMANA-2\PROJETO\CONVERT-MY-MONEY\lib\getCoin.js">
      <metrics statements="2" coveredstatements="2" conditionals="0" coveredconditionals="0" methods="1" coveredmethods="1"/>
      <line num="1" count="2" type="stmt"/>
      <line num="3" count="2" type="stmt"/>
    </file>
  </project>
</coverage>
