{"C:\\ANANIAS\\DEV-PLENO\\SEMANA-2\\PROJETO\\CONVERT-MY-MONEY\\lib\\api_cotacao.js": {"path":"C:\\ANANIAS\\DEV-PLENO\\SEMANA-2\\PROJETO\\CONVERT-MY-MONEY\\lib\\api_cotacao.js","statementMap":{"0":{"start":{"line":1,"column":14},"end":{"line":1,"column":30}},"1":{"start":{"line":2,"column":20},"end":{"line":2,"column":40}},"2":{"start":{"line":4,"column":15},"end":{"line":4,"column":87}},"3":{"start":{"line":4,"column":29},"end":{"line":4,"column":87}},"4":{"start":{"line":5,"column":22},"end":{"line":5,"column":45}},"5":{"start":{"line":5,"column":31},"end":{"line":5,"column":45}},"6":{"start":{"line":6,"column":21},"end":{"line":6,"column":49}},"7":{"start":{"line":6,"column":30},"end":{"line":6,"column":49}},"8":{"start":{"line":9,"column":2},"end":{"line":22,"column":3}},"9":{"start":{"line":10,"column":2},"end":{"line":22,"column":3}},"10":{"start":{"line":11,"column":4},"end":{"line":21,"column":5}},"11":{"start":{"line":12,"column":23},"end":{"line":12,"column":41}},"12":{"start":{"line":13,"column":18},"end":{"line":13,"column":34}},"13":{"start":{"line":14,"column":18},"end":{"line":14,"column":42}},"14":{"start":{"line":16,"column":22},"end":{"line":16,"column":39}},"15":{"start":{"line":18,"column":6},"end":{"line":18,"column":21}},"16":{"start":{"line":20,"column":6},"end":{"line":20,"column":16}},"17":{"start":{"line":24,"column":0},"end":{"line":32,"column":2}}},"fnMap":{"0":{"name":"(anonymous_0)","decl":{"start":{"line":4,"column":15},"end":{"line":4,"column":16}},"loc":{"start":{"line":4,"column":29},"end":{"line":4,"column":87}},"line":4},"1":{"name":"(anonymous_1)","decl":{"start":{"line":5,"column":22},"end":{"line":5,"column":23}},"loc":{"start":{"line":5,"column":31},"end":{"line":5,"column":45}},"line":5},"2":{"name":"(anonymous_2)","decl":{"start":{"line":6,"column":21},"end":{"line":6,"column":22}},"loc":{"start":{"line":6,"column":30},"end":{"line":6,"column":49}},"line":6},"3":{"name":"(anonymous_3)","decl":{"start":{"line":9,"column":2},"end":{"line":9,"column":3}},"loc":{"start":{"line":10,"column":2},"end":{"line":22,"column":3}},"line":10},"4":{"name":"(anonymous_4)","decl":{"start":{"line":10,"column":2},"end":{"line":10,"column":3}},"loc":{"start":{"line":10,"column":14},"end":{"line":22,"column":3}},"line":10}},"branchMap":{},"s":{"0":1,"1":1,"2":1,"3":1,"4":1,"5":1,"6":1,"7":1,"8":1,"9":3,"10":2,"11":2,"12":2,"13":2,"14":1,"15":1,"16":1,"17":1},"f":{"0":1,"1":1,"2":1,"3":3,"4":2},"b":{},"_coverageSchema":"1a1c01bbd47fc00a2c39e90264f33305004495a9","hash":"67e373893535620900ec0bee820f9fbe97d3419e"}
,"C:\\ANANIAS\\DEV-PLENO\\SEMANA-2\\PROJETO\\CONVERT-MY-MONEY\\lib\\convert.js": {"path":"C:\\ANANIAS\\DEV-PLENO\\SEMANA-2\\PROJETO\\CONVERT-MY-MONEY\\lib\\convert.js","statementMap":{"0":{"start":{"line":1,"column":16},"end":{"line":3,"column":1}},"1":{"start":{"line":2,"column":2},"end":{"line":2,"column":30}},"2":{"start":{"line":5,"column":16},"end":{"line":7,"column":1}},"3":{"start":{"line":6,"column":2},"end":{"line":6,"column":38}},"4":{"start":{"line":9,"column":0},"end":{"line":12,"column":2}}},"fnMap":{"0":{"name":"(anonymous_0)","decl":{"start":{"line":1,"column":16},"end":{"line":1,"column":17}},"loc":{"start":{"line":1,"column":41},"end":{"line":3,"column":1}},"line":1},"1":{"name":"(anonymous_1)","decl":{"start":{"line":5,"column":16},"end":{"line":5,"column":17}},"loc":{"start":{"line":5,"column":27},"end":{"line":7,"column":1}},"line":5}},"branchMap":{},"s":{"0":1,"1":2,"2":1,"3":1,"4":1},"f":{"0":2,"1":1},"b":{},"_coverageSchema":"1a1c01bbd47fc00a2c39e90264f33305004495a9","hash":"80923a5f42caf0e265a8beaf667eb6e78e8d9a58"}
,"C:\\ANANIAS\\DEV-PLENO\\SEMANA-2\\PROJETO\\CONVERT-MY-MONEY\\lib\\getCoin.js": {"path":"C:\\ANANIAS\\DEV-PLENO\\SEMANA-2\\PROJETO\\CONVERT-MY-MONEY\\lib\\getCoin.js","statementMap":{"0":{"start":{"line":1,"column":16},"end":{"line":1,"column":30}},"1":{"start":{"line":1,"column":26},"end":{"line":1,"column":30}},"2":{"start":{"line":3,"column":0},"end":{"line":5,"column":2}}},"fnMap":{"0":{"name":"(anonymous_0)","decl":{"start":{"line":1,"column":16},"end":{"line":1,"column":17}},"loc":{"start":{"line":1,"column":26},"end":{"line":1,"column":30}},"line":1}},"branchMap":{},"s":{"0":2,"1":1,"2":2},"f":{"0":1},"b":{},"_coverageSchema":"1a1c01bbd47fc00a2c39e90264f33305004495a9","hash":"7f9c926b43acb17f632d35a0dd397e5549cafcc5"}
}
